<?xml version="1.0" encoding="UTF-8"?>
<!-- Generated by org.testng.reporters.JUnitReportReporter -->
<testsuite hostname="LAPTOP-PKC73K4H" failures="0" tests="1" name="testscripts.regression.ValidateSearchHotelPageUsingPOM_AND_Keyword" time="24.113" errors="0" timestamp="2024-03-29T20:33:28 IST" skipped="0">
  <testcase classname="testscripts.regression.ValidateSearchHotelPageUsingPOM_AND_Keyword" name="validateLogin1" time="24.113"/>
</testsuite> <!-- testscripts.regression.ValidateSearchHotelPageUsingPOM_AND_Keyword -->
