<?xml version="1.0" encoding="UTF-8"?>
<!-- Generated by org.testng.reporters.JUnitReportReporter -->
<testsuite hostname="LAPTOP-PKC73K4H" failures="0" tests="1" name="testscripts.regression.ValidateLoginUsingKeywordDriven" time="9.142" errors="0" timestamp="2024-03-26T23:44:04 IST" skipped="0">
  <testcase classname="testscripts.regression.ValidateLoginUsingKeywordDriven" name="vaidateLogin" time="9.142"/>
</testsuite> <!-- testscripts.regression.ValidateLoginUsingKeywordDriven -->
