<?xml version="1.0" encoding="UTF-8"?>
<!-- Generated by org.testng.reporters.JUnitReportReporter -->
<testsuite hostname="LAPTOP-PKC73K4H" failures="0" tests="1" name="testscripts.regression.ValidateLoginUsingPOM" time="53.752" errors="0" timestamp="2024-03-27T23:09:16 IST" skipped="0">
  <testcase classname="testscripts.regression.ValidateLoginUsingPOM" name="validateLogin" time="53.752"/>
</testsuite> <!-- testscripts.regression.ValidateLoginUsingPOM -->
