<?xml version="1.0" encoding="UTF-8"?>
<!-- Generated by org.testng.reporters.JUnitReportReporter -->
<testsuite hostname="LAPTOP-PKC73K4H" failures="0" tests="3" name="testscripts.regression.ToVerifyLoginUsingInvalidDetails" time="35.202" errors="0" timestamp="2024-03-24T17:48:31 IST" skipped="0">
  <testcase classname="testscripts.regression.ToVerifyLoginUsingInvalidDetails" name="VerifyInValidUsernamevalidPassword" time="11.437"/>
  <testcase classname="testscripts.regression.ToVerifyLoginUsingInvalidDetails" name="VerifyInValidUsernameInvalidPassword" time="11.069"/>
  <testcase classname="testscripts.regression.ToVerifyLoginUsingInvalidDetails" name="VerifyValidUsernameInvalidPassword" time="12.696"/>
</testsuite> <!-- testscripts.regression.ToVerifyLoginUsingInvalidDetails -->
