<?xml version="1.0" encoding="UTF-8"?>
<!-- Generated by org.testng.reporters.JUnitReportReporter -->
<testsuite hostname="LAPTOP-PKC73K4H" failures="0" tests="1" name="testscripts.regression.ValidateLoginUsingHybrid" time="7.629" errors="0" timestamp="2024-03-26T23:55:27 IST" skipped="0">
  <testcase classname="testscripts.regression.ValidateLoginUsingHybrid" name="vaidateLogin" time="7.629"/>
</testsuite> <!-- testscripts.regression.ValidateLoginUsingHybrid -->
