<?xml version="1.0" encoding="UTF-8"?>
<!-- Generated by org.testng.reporters.JUnitReportReporter -->
<testsuite hostname="LAPTOP-PKC73K4H" failures="0" tests="1" name="testscripts.smoke.ToVerifywhetherLocationsInSelectHotelPageAreDisplayedAccordingToTheLocationSelectedInSearchHotel" time="12.809" errors="0" timestamp="2024-03-30T16:19:16 IST" skipped="0">
  <testcase classname="testscripts.smoke.ToVerifywhetherLocationsInSelectHotelPageAreDisplayedAccordingToTheLocationSelectedInSearchHotel" name="validateSelectHotelPage" time="12.809"/>
</testsuite> <!-- testscripts.smoke.ToVerifywhetherLocationsInSelectHotelPageAreDisplayedAccordingToTheLocationSelectedInSearchHotel -->
