<?xml version="1.0" encoding="UTF-8"?>
<!-- Generated by org.testng.reporters.JUnitReportReporter -->
<testsuite hostname="LAPTOP-PKC73K4H" failures="0" tests="1" name="testscripts.regression.ValidateSearchHotelPageUsingPOM" time="18.378" errors="0" timestamp="2024-04-07T16:36:05 IST" skipped="0">
  <testcase classname="testscripts.regression.ValidateSearchHotelPageUsingPOM" name="SearchingForHotel" time="18.378"/>
</testsuite> <!-- testscripts.regression.ValidateSearchHotelPageUsingPOM -->
